
> @link-foundation/example-package-name@0.10.0 example:desktop:package
> npm --prefix examples/universal-app run desktop:package


> universal-example-app@0.1.0 desktop:package
> npm run build && electron-forge package


> universal-example-app@0.1.0 build
> vite build

vite v6.4.2 building for production...
transforming...
✓ 23 modules transformed.
rendering chunks...
computing gzip size...
dist/index.html                   0.60 kB │ gzip:  0.36 kB
dist/assets/index-BvbnxZ0g.css    2.38 kB │ gzip:  1.05 kB
dist/assets/index-Ujj7CCT4.js   145.00 kB │ gzip: 46.84 kB
✓ built in 1.50s
❯ Checking your system
❯ Checking package manager version
✔ Found npm@11.13.0
✔ Checking your system
[?25h❯ Preparing to package application
✔ Preparing to package application
❯ Running packaging hooks
❯ Running generateAssets hook
✔ Running generateAssets hook
❯ Running prePackage hook
✔ Running prePackage hook
✔ Running packaging hooks
❯ Packaging application
› Determining targets...
❯ Packaging for x64 on linux
❯ Copying files
❯ Preparing native dependencies
❯ Finalizing package
✔ Copying files
✔ Preparing native dependencies
✔ Finalizing package
✔ Packaging for x64 on linux
✔ Packaging application
❯ Running postPackage hook
✔ Running postPackage hook
[?25h