TAP version 13
# Subtest: publishable package metadata
    # Subtest: uses the real link-foundation example package name
    ok 1 - uses the real link-foundation example package name
      ---
      duration_ms: 0.94413
      ...
    # Subtest: defines a globally installable CLI command
    ok 2 - defines a globally installable CLI command
      ---
      duration_ms: 0.278325
      ...
    # Subtest: runs package functions through the CLI command
    ok 3 - runs package functions through the CLI command
      ---
      duration_ms: 0.305115
      ...
    # Subtest: runs when invoked through an npm-style bin symlink
    ok 4 - runs when invoked through an npm-style bin symlink
      ---
      duration_ms: 38.599703
      ...
    # Subtest: publishes only the package runtime surface
    ok 5 - publishes only the package runtime surface
      ---
      duration_ms: 1.226551
      ...
    1..5
ok 1 - publishable package metadata
  ---
  duration_ms: 42.493186
  type: 'suite'
  ...
# Subtest: universal React example app
    # Subtest: defines the expected app package and build targets
    ok 1 - defines the expected app package and build targets
      ---
      duration_ms: 1.313082
      ...
    # Subtest: renders a visual UI using the package add and multiply functions
    ok 2 - renders a visual UI using the package add and multiply functions
      ---
      duration_ms: 0.212757
      ...
    # Subtest: shares the Vite build output with Capacitor and GitHub Pages
    ok 3 - shares the Vite build output with Capacitor and GitHub Pages
      ---
      duration_ms: 0.232628
      ...
    # Subtest: adds root scripts and a workflow for web, desktop, and mobile checks
    ok 4 - adds root scripts and a workflow for web, desktop, and mobile checks
      ---
      duration_ms: 0.223644
      ...
    # Subtest: documents local validation without store credentials
    ok 5 - documents local validation without store credentials
      ---
      duration_ms: 0.144476
      ...
    1..5
ok 2 - universal React example app
  ---
  duration_ms: 4.298137
  type: 'suite'
  ...
1..2
# tests 10
# suites 2
# pass 10
# fail 0
# cancelled 0
# skipped 0
# todo 0
# duration_ms 101.959164
