TAP version 13
# Subtest: publishable package metadata
    # Subtest: uses the real link-foundation example package name
    ok 1 - uses the real link-foundation example package name
      ---
      duration_ms: 0.805061
      ...
    # Subtest: defines a globally installable CLI command
    ok 2 - defines a globally installable CLI command
      ---
      duration_ms: 0.294099
      ...
    # Subtest: runs package functions through the CLI command
    ok 3 - runs package functions through the CLI command
      ---
      duration_ms: 0.369381
      ...
    # Subtest: publishes only the package runtime surface
    ok 4 - publishes only the package runtime surface
      ---
      duration_ms: 0.163884
      ...
    1..4
ok 1 - publishable package metadata
  ---
  duration_ms: 2.863946
  type: 'suite'
  ...
# Subtest: universal React example app
    # Subtest: defines the expected app package and build targets
    ok 1 - defines the expected app package and build targets
      ---
      duration_ms: 2.649296
      ...
    # Subtest: renders a visual UI using the package add and multiply functions
    ok 2 - renders a visual UI using the package add and multiply functions
      ---
      duration_ms: 0.238487
      ...
    # Subtest: shares the Vite build output with Capacitor and GitHub Pages
    ok 3 - shares the Vite build output with Capacitor and GitHub Pages
      ---
      duration_ms: 0.236162
      ...
    # Subtest: adds root scripts and a workflow for web, desktop, and mobile checks
    ok 4 - adds root scripts and a workflow for web, desktop, and mobile checks
      ---
      duration_ms: 0.269653
      ...
    # Subtest: documents local validation without store credentials
    ok 5 - documents local validation without store credentials
      ---
      duration_ms: 0.187048
      ...
    1..5
ok 2 - universal React example app
  ---
  duration_ms: 4.78172
  type: 'suite'
  ...
1..2
# tests 9
# suites 2
# pass 9
# fail 0
# cancelled 0
# skipped 0
# todo 0
# duration_ms 72.409571
